Added Component: Designator=R12(0603-R)
Add component. Clean all parameters for all variants
Added Component: Designator=R13(0603-R)
Add component. Clean all parameters for all variants
Added Component: Designator=R14(0603-R)
Add component. Clean all parameters for all variants
Added Component: Designator=R15(0603-R)
Add component. Clean all parameters for all variants
Added Pin To Net: NetName=IIC1_SCL Pin=R12-1
Added Pin To Net: NetName=VCC_3V3 Pin=R12-2
Added Pin To Net: NetName=IIC1_SDA Pin=R13-1
Added Pin To Net: NetName=VCC_3V3 Pin=R13-2
Added Pin To Net: NetName=IIC2_SCL Pin=R14-1
Added Pin To Net: NetName=VCC_3V3 Pin=R14-2
Added Pin To Net: NetName=IIC2_SDA Pin=R15-1
Added Pin To Net: NetName=VCC_3V3 Pin=R15-2
Added Member To Class: ClassName=DBUS_PPM Member=Component R12 100R
Added Member To Class: ClassName=DBUS_PPM Member=Component R13 100R
Added Member To Class: ClassName=DBUS_PPM Member=Component R14 100R
Added Member To Class: ClassName=DBUS_PPM Member=Component R15 100R
Added Room: Name=DBUS_PPM
