Removed Pin From Net: NetName=GND Pin=*1-5
Removed Pin From Net: NetName=GND Pin=*1-6
Removed Pin From Net: NetName=RESET Pin=*1-7
Removed Pin From Net: NetName=GND Pin=*1-8
Removed Pin From Net: NetName=VCC_3V3 Pin=*1-9
Removed Pin From Net: NetName=PWM1 Pin=*1-10
Removed Pin From Net: NetName=PWM2 Pin=*1-11
Removed Pin From Net: NetName=U2_T Pin=*1-12
Removed Pin From Net: NetName=U2_R Pin=*1-13
Removed Pin From Net: NetName=RGB_R Pin=*1-16
Removed Pin From Net: NetName=RGB_G Pin=*1-17
Removed Pin From Net: NetName=RGB_B Pin=*1-18
Removed Pin From Net: NetName=IIC2_SCL Pin=*1-21
Removed Pin From Net: NetName=IIC2_SDA Pin=*1-22
Removed Pin From Net: NetName=GND Pin=*1-23
Removed Pin From Net: NetName=VCC_3V3 Pin=*1-24
Removed Pin From Net: NetName=PB12 Pin=*1-25
Removed Pin From Net: NetName=PB13 Pin=*1-26
Removed Pin From Net: NetName=PB14 Pin=*1-27
Removed Pin From Net: NetName=PB15 Pin=*1-28
Removed Pin From Net: NetName=PWM1 Pin=*1-29
Removed Pin From Net: NetName=PWM2 Pin=*1-30
Removed Pin From Net: NetName=PWM3 Pin=*1-31
Removed Pin From Net: NetName=PWM4 Pin=*1-32
Removed Pin From Net: NetName=PPM_PIN Pin=*1-33
Removed Pin From Net: NetName=SWD_IO Pin=*1-34
Removed Pin From Net: NetName=GND Pin=*1-35
Removed Pin From Net: NetName=VCC_3V3 Pin=*1-36
Removed Pin From Net: NetName=SWD_CLK Pin=*1-37
Removed Pin From Net: NetName=U1_T Pin=*1-42
Removed Pin From Net: NetName=U1_R Pin=*1-43
Removed Pin From Net: NetName=BOOT0 Pin=*1-44
Removed Pin From Net: NetName=IIC1_SCL Pin=*1-45
Removed Pin From Net: NetName=IIC1_SDA Pin=*1-46
Removed Pin From Net: NetName=GND Pin=*1-47
Removed Pin From Net: NetName=PWM4 Pin=*2-1
Removed Pin From Net: NetName=PWM3 Pin=*2-2
Removed Pin From Net: NetName=PWM2 Pin=*2-3
Removed Pin From Net: NetName=PWM1 Pin=*2-4
Removed Pin From Net: NetName=VCC_3V3 Pin=*3-4
Removed Pin From Net: NetName=PB12 Pin=*4-1
Removed Pin From Net: NetName=PB13 Pin=*4-2
Removed Pin From Net: NetName=PB14 Pin=*4-3
Removed Pin From Net: NetName=PB15 Pin=*4-4
Removed Member From Class: ClassName=DBUS_PPM Member=*1
Removed Member From Class: ClassName=DBUS_PPM Member=*2
Removed Member From Class: ClassName=DBUS_PPM Member=*3
Added Component: Designator=D2(RGB_LED_V)
Add component. Clean all parameters for all variants
Added Component: Designator=R7(0603*4ÅÅ×è)
Add component. Clean all parameters for all variants
Added Component: Designator=R8(0603*4ÅÅ×è)
Add component. Clean all parameters for all variants
Added Component: Designator=U3(LQFP48)
Add component. Clean all parameters for all variants
Added Pin To Net: NetName=VCC_3V3 Pin=D2-4
Added Pin To Net: NetName=PWM4 Pin=R7-1
Added Pin To Net: NetName=PWM3 Pin=R7-2
Added Pin To Net: NetName=PWM2 Pin=R7-3
Added Pin To Net: NetName=PWM1 Pin=R7-4
Added Pin To Net: NetName=PB12 Pin=R8-1
Added Pin To Net: NetName=PB13 Pin=R8-2
Added Pin To Net: NetName=PB14 Pin=R8-3
Added Pin To Net: NetName=PB15 Pin=R8-4
Added Pin To Net: NetName=GND Pin=U3-5
Added Pin To Net: NetName=GND Pin=U3-6
Added Pin To Net: NetName=RESET Pin=U3-7
Added Pin To Net: NetName=GND Pin=U3-8
Added Pin To Net: NetName=VCC_3V3 Pin=U3-9
Added Pin To Net: NetName=PWM1 Pin=U3-10
Added Pin To Net: NetName=PWM2 Pin=U3-11
Added Pin To Net: NetName=U2_T Pin=U3-12
Added Pin To Net: NetName=U2_R Pin=U3-13
Added Pin To Net: NetName=RGB_R Pin=U3-16
Added Pin To Net: NetName=RGB_G Pin=U3-17
Added Pin To Net: NetName=RGB_B Pin=U3-18
Added Pin To Net: NetName=IIC2_SCL Pin=U3-21
Added Pin To Net: NetName=IIC2_SDA Pin=U3-22
Added Pin To Net: NetName=GND Pin=U3-23
Added Pin To Net: NetName=VCC_3V3 Pin=U3-24
Added Pin To Net: NetName=PB12 Pin=U3-25
Added Pin To Net: NetName=PB13 Pin=U3-26
Added Pin To Net: NetName=PB14 Pin=U3-27
Added Pin To Net: NetName=PB15 Pin=U3-28
Added Pin To Net: NetName=PWM1 Pin=U3-29
Added Pin To Net: NetName=PWM2 Pin=U3-30
Added Pin To Net: NetName=PWM3 Pin=U3-31
Added Pin To Net: NetName=PWM4 Pin=U3-32
Added Pin To Net: NetName=PPM_PIN Pin=U3-33
Added Pin To Net: NetName=SWD_IO Pin=U3-34
Added Pin To Net: NetName=GND Pin=U3-35
Added Pin To Net: NetName=VCC_3V3 Pin=U3-36
Added Pin To Net: NetName=SWD_CLK Pin=U3-37
Added Pin To Net: NetName=U1_T Pin=U3-42
Added Pin To Net: NetName=U1_R Pin=U3-43
Added Pin To Net: NetName=BOOT0 Pin=U3-44
Added Pin To Net: NetName=IIC1_SCL Pin=U3-45
Added Pin To Net: NetName=IIC1_SDA Pin=U3-46
Added Pin To Net: NetName=GND Pin=U3-47
Added Pin To Net: NetName=NetD2_1 Pin=D2-1
Added Pin To Net: NetName=NetD2_1 Pin=R1-2
Added Net: Name=NetD2_1
Added Pin To Net: NetName=NetD2_2 Pin=D2-2
Added Pin To Net: NetName=NetD2_2 Pin=R2-2
Added Net: Name=NetD2_2
Added Pin To Net: NetName=NetD2_3 Pin=D2-3
Added Pin To Net: NetName=NetD2_3 Pin=R3-2
Added Net: Name=NetD2_3
Added Pin To Net: NetName=NetP6_2 Pin=P6-2
Added Pin To Net: NetName=NetP6_2 Pin=R7-8
Added Net: Name=NetP6_2
Added Pin To Net: NetName=NetP6_3 Pin=P6-3
Added Pin To Net: NetName=NetP6_3 Pin=R7-7
Added Net: Name=NetP6_3
Added Pin To Net: NetName=NetP6_4 Pin=P6-4
Added Pin To Net: NetName=NetP6_4 Pin=R7-6
Added Net: Name=NetP6_4
Added Pin To Net: NetName=NetP6_5 Pin=P6-5
Added Pin To Net: NetName=NetP6_5 Pin=R7-5
Added Net: Name=NetP6_5
Added Pin To Net: NetName=NetP7_2 Pin=P7-2
Added Pin To Net: NetName=NetP7_2 Pin=R8-8
Added Net: Name=NetP7_2
Added Pin To Net: NetName=NetP7_3 Pin=P7-3
Added Pin To Net: NetName=NetP7_3 Pin=R8-7
Added Net: Name=NetP7_3
Added Pin To Net: NetName=NetP7_4 Pin=P7-4
Added Pin To Net: NetName=NetP7_4 Pin=R8-6
Added Net: Name=NetP7_4
Added Pin To Net: NetName=NetP7_5 Pin=P7-5
Added Pin To Net: NetName=NetP7_5 Pin=R8-5
Added Net: Name=NetP7_5
Added Member To Class: ClassName=DBUS_PPM Member=Component D2 LED
Added Member To Class: ClassName=DBUS_PPM Member=Component R7 103
Added Member To Class: ClassName=DBUS_PPM Member=Component R8 103
Added Member To Class: ClassName=DBUS_PPM Member=Component U3 STM32F103C8T6
Added Room: Name=DBUS_PPM
