Change component parameters: Designator = "P8"; Footprint = "HDR_3*2.54"; UniqueID = "\VLFCXTOH"
Change component parameters. Clean all parameters for all variants
Change component parameters (AddParameter): Name = "LatestRevisionDate"; Value = "17-Jul-2002"; VariantName = "[No Variations]"
Change component parameters (AddParameter): Name = "LatestRevisionNote"; Value = "Re-released for DXP Platform."; VariantName = "[No Variations]"
Change component parameters (AddParameter): Name = "Publisher"; Value = "Altium Limited"; VariantName = "[No Variations]"
Change component parameters: Designator = "P9"; Footprint = "HDR_3*2.54"; UniqueID = "\XFCOQBWO"
Change component parameters. Clean all parameters for all variants
Change component parameters (AddParameter): Name = "LatestRevisionDate"; Value = "17-Jul-2002"; VariantName = "[No Variations]"
Change component parameters (AddParameter): Name = "LatestRevisionNote"; Value = "Re-released for DXP Platform."; VariantName = "[No Variations]"
Change component parameters (AddParameter): Name = "Publisher"; Value = "Altium Limited"; VariantName = "[No Variations]"
Added Component: Designator=D2(RGB_LED_V)
Add component. Clean all parameters for all variants
Added Pin To Net: NetName=NetD2_1 Pin=D2-1
Added Pin To Net: NetName=NetD2_2 Pin=D2-2
Added Pin To Net: NetName=NetD2_3 Pin=D2-3
Added Pin To Net: NetName=VCC_3V3 Pin=D2-4
Added Member To Class: ClassName=DBUS_PPM Member=Component D2 LED
Added Member To Class: ClassName=DBUS_PPM Member=Component D3 LED
Added Member To Class: ClassName=DBUS_PPM Member=Component logo1 DJI_logo
Added Member To Class: ClassName=DBUS_PPM Member=Component P7 Header 3
Added Member To Class: ClassName=DBUS_PPM Member=Component Q1 MESFET-N
Added Member To Class: ClassName=DBUS_PPM Member=Component  HW_OpenSource
Added Member To Class: ClassName=DBUS_PPM Member=Component U1 TPS79333
Added Member To Class: ClassName=DBUS_PPM Member=Component U2 TPS79333
Added Room: Name=DBUS_PPM
