Change component parameters: Designator = "P8"; Footprint = "HDR_3*2.54"; UniqueID = "\VLFCXTOH"
Change component parameters. Clean all parameters for all variants
Change component parameters (AddParameter): Name = "LatestRevisionDate"; Value = "17-Jul-2002"; VariantName = "[No Variations]"
Change component parameters (AddParameter): Name = "LatestRevisionNote"; Value = "Re-released for DXP Platform."; VariantName = "[No Variations]"
Change component parameters (AddParameter): Name = "Publisher"; Value = "Altium Limited"; VariantName = "[No Variations]"
Change component parameters: Designator = "P9"; Footprint = "HDR_3*2.54"; UniqueID = "\XFCOQBWO"
Change component parameters. Clean all parameters for all variants
Change component parameters (AddParameter): Name = "LatestRevisionDate"; Value = "17-Jul-2002"; VariantName = "[No Variations]"
Change component parameters (AddParameter): Name = "LatestRevisionNote"; Value = "Re-released for DXP Platform."; VariantName = "[No Variations]"
Change component parameters (AddParameter): Name = "Publisher"; Value = "Altium Limited"; VariantName = "[No Variations]"
Added Member To Class: ClassName=DBUS_PPM Member=Component C9 0.1uF
Added Member To Class: ClassName=DBUS_PPM Member=Component C10 0.1uF
Added Member To Class: ClassName=DBUS_PPM Member=Component C11 104
Added Member To Class: ClassName=DBUS_PPM Member=Component C12 104
Added Member To Class: ClassName=DBUS_PPM Member=Component C13 104
Added Member To Class: ClassName=DBUS_PPM Member=Component C14 104
Added Member To Class: ClassName=DBUS_PPM Member=Component C15 104
Added Member To Class: ClassName=DBUS_PPM Member=Component R10 100R
Added Member To Class: ClassName=DBUS_PPM Member=Component R11 100R
Added Member To Class: ClassName=DBUS_PPM Member=Component  HW_OpenSource
Added Room: Name=DBUS_PPM
