Removed Pin From Net: NetName=RGB_R Pin=U3-16
Removed Pin From Net: NetName=RGB_G Pin=U3-17
Removed Pin From Net: NetName=RGB_B Pin=U3-18
Change component parameters: Designator = "P8"; Footprint = "HDR_3*2.54"; UniqueID = "\VLFCXTOH"
Change component parameters. Clean all parameters for all variants
Change component parameters (AddParameter): Name = "LatestRevisionDate"; Value = "17-Jul-2002"; VariantName = "[No Variations]"
Change component parameters (AddParameter): Name = "LatestRevisionNote"; Value = "Re-released for DXP Platform."; VariantName = "[No Variations]"
Change component parameters (AddParameter): Name = "Publisher"; Value = "Altium Limited"; VariantName = "[No Variations]"
Change component parameters: Designator = "P9"; Footprint = "HDR_3*2.54"; UniqueID = "\XFCOQBWO"
Change component parameters. Clean all parameters for all variants
Change component parameters (AddParameter): Name = "LatestRevisionDate"; Value = "17-Jul-2002"; VariantName = "[No Variations]"
Change component parameters (AddParameter): Name = "LatestRevisionNote"; Value = "Re-released for DXP Platform."; VariantName = "[No Variations]"
Change component parameters (AddParameter): Name = "Publisher"; Value = "Altium Limited"; VariantName = "[No Variations]"
Added Pin To Net: NetName=RGB_R Pin=U3-15
Added Pin To Net: NetName=RGB_G Pin=U3-16
Added Pin To Net: NetName=RGB_B Pin=U3-17
Added Member To Class: ClassName=DBUS_PPM Member=Component P6 Header 6
Added Member To Class: ClassName=DBUS_PPM Member=Component P8 Header 3
Added Member To Class: ClassName=DBUS_PPM Member=Component P9 Header 3
Added Member To Class: ClassName=DBUS_PPM Member=Component Q1 MESFET-N
Added Member To Class: ClassName=DBUS_PPM Member=Component R4 100R
Added Member To Class: ClassName=DBUS_PPM Member=Component R12 100R
Added Member To Class: ClassName=DBUS_PPM Member=Component R13 100R
Added Member To Class: ClassName=DBUS_PPM Member=Component R14 100R
Added Member To Class: ClassName=DBUS_PPM Member=Component R15 100R
Added Member To Class: ClassName=DBUS_PPM Member=Component  HW_OpenSource
Added Room: Name=DBUS_PPM
