Added Component: Designator=*1(LQFP48)
Add component. Clean all parameters for all variants
Added Component: Designator=*2(0603-C)
Add component. Clean all parameters for all variants
Added Component: Designator=*3(0603-C)
Add component. Clean all parameters for all variants
Added Component: Designator=*?(0603*4ÅÅ×è)
Add component. Clean all parameters for all variants
Added Component: Designator=*(0603-C)
Add component. Clean all parameters for all variants
Added Component: Designator=*(0603*4ÅÅ×è)
Add component. Clean all parameters for all variants
Added Component: Designator=*(RGB_LED_V)
Add component. Clean all parameters for all variants
Added Component: Designator=*(0603-C)
Add component. Clean all parameters for all variants
Added Component: Designator=*(0603-C)
Add component. Clean all parameters for all variants
Added Component: Designator=*(0603-C)
Add component. Clean all parameters for all variants
Added Component: Designator=*(0603-C)
Add component. Clean all parameters for all variants
Added Component: Designator=*(0603-C)
Add component. Clean all parameters for all variants
Added Component: Designator=D?(SOD-123)
Add component. Clean all parameters for all variants
Add component (AddParameter): Name = "Code_JEDEC"; Value = "DO-214-AA"; VariantName = "[No Variations]"
Add component (AddParameter): Name = "LatestRevisionDate"; Value = "17-Jul-2002"; VariantName = "[No Variations]"
Add component (AddParameter): Name = "LatestRevisionNote"; Value = "Re-released for DXP Platform."; VariantName = "[No Variations]"
Add component (AddParameter): Name = "PackageReference"; Value = "SMB"; VariantName = "[No Variations]"
Add component (AddParameter): Name = "Published"; Value = "8-Jun-2000"; VariantName = "[No Variations]"
Add component (AddParameter): Name = "Publisher"; Value = "Altium Limited"; VariantName = "[No Variations]"
Added Component: Designator=P?(SMT1.25_6P-90)
Add component. Clean all parameters for all variants
Add component (AddParameter): Name = "LatestRevisionDate"; Value = "17-Jul-2002"; VariantName = "[No Variations]"
Add component (AddParameter): Name = "LatestRevisionNote"; Value = "Re-released for DXP Platform."; VariantName = "[No Variations]"
Add component (AddParameter): Name = "Publisher"; Value = "Altium Limited"; VariantName = "[No Variations]"
Added Component: Designator=P?(SMT1.25_4P-90)
Add component. Clean all parameters for all variants
Add component (AddParameter): Name = "LatestRevisionDate"; Value = "17-Jul-2002"; VariantName = "[No Variations]"
Add component (AddParameter): Name = "LatestRevisionNote"; Value = "Re-released for DXP Platform."; VariantName = "[No Variations]"
Add component (AddParameter): Name = "Publisher"; Value = "Altium Limited"; VariantName = "[No Variations]"
Added Component: Designator=P?(SMT1.25_4P-90)
Add component. Clean all parameters for all variants
Add component (AddParameter): Name = "LatestRevisionDate"; Value = "17-Jul-2002"; VariantName = "[No Variations]"
Add component (AddParameter): Name = "LatestRevisionNote"; Value = "Re-released for DXP Platform."; VariantName = "[No Variations]"
Add component (AddParameter): Name = "Publisher"; Value = "Altium Limited"; VariantName = "[No Variations]"
Added Component: Designator=P?(SMT1.25_4P-90)
Add component. Clean all parameters for all variants
Add component (AddParameter): Name = "LatestRevisionDate"; Value = "17-Jul-2002"; VariantName = "[No Variations]"
Add component (AddParameter): Name = "LatestRevisionNote"; Value = "Re-released for DXP Platform."; VariantName = "[No Variations]"
Add component (AddParameter): Name = "Publisher"; Value = "Altium Limited"; VariantName = "[No Variations]"
Added Component: Designator=P?(SMT1.25_6P-90)
Add component. Clean all parameters for all variants
Add component (AddParameter): Name = "LatestRevisionDate"; Value = "17-Jul-2002"; VariantName = "[No Variations]"
Add component (AddParameter): Name = "LatestRevisionNote"; Value = "Re-released for DXP Platform."; VariantName = "[No Variations]"
Add component (AddParameter): Name = "Publisher"; Value = "Altium Limited"; VariantName = "[No Variations]"
Added Component: Designator=P?(SMT1.25_4P-90)
Add component. Clean all parameters for all variants
Add component (AddParameter): Name = "LatestRevisionDate"; Value = "17-Jul-2002"; VariantName = "[No Variations]"
Add component (AddParameter): Name = "LatestRevisionNote"; Value = "Re-released for DXP Platform."; VariantName = "[No Variations]"
Add component (AddParameter): Name = "Publisher"; Value = "Altium Limited"; VariantName = "[No Variations]"
Added Component: Designator=P?(HDR_3*2.54)
Add component. Clean all parameters for all variants
Add component (AddParameter): Name = "LatestRevisionDate"; Value = "17-Jul-2002"; VariantName = "[No Variations]"
Add component (AddParameter): Name = "LatestRevisionNote"; Value = "Re-released for DXP Platform."; VariantName = "[No Variations]"
Add component (AddParameter): Name = "Publisher"; Value = "Altium Limited"; VariantName = "[No Variations]"
Added Component: Designator=P?(SMT1.25_4P-90)
Add component. Clean all parameters for all variants
Add component (AddParameter): Name = "LatestRevisionDate"; Value = "17-Jul-2002"; VariantName = "[No Variations]"
Add component (AddParameter): Name = "LatestRevisionNote"; Value = "Re-released for DXP Platform."; VariantName = "[No Variations]"
Add component (AddParameter): Name = "Publisher"; Value = "Altium Limited"; VariantName = "[No Variations]"
Added Component: Designator=P?(HDR_3*2.54)
Add component. Clean all parameters for all variants
Add component (AddParameter): Name = "LatestRevisionDate"; Value = "17-Jul-2002"; VariantName = "[No Variations]"
Add component (AddParameter): Name = "LatestRevisionNote"; Value = "Re-released for DXP Platform."; VariantName = "[No Variations]"
Add component (AddParameter): Name = "Publisher"; Value = "Altium Limited"; VariantName = "[No Variations]"
Added Component: Designator=Q?(SOT23-3)
Add component. Clean all parameters for all variants
Add component (AddParameter): Name = "Code_JEDEC"; Value = "TO-18"; VariantName = "[No Variations]"
Add component (AddParameter): Name = "LatestRevisionDate"; Value = "17-Jul-2002"; VariantName = "[No Variations]"
Add component (AddParameter): Name = "LatestRevisionNote"; Value = "Re-released for DXP Platform."; VariantName = "[No Variations]"
Add component (AddParameter): Name = "PackageDescription"; Value = "Can; 3 Leads; Pin Circle Dia. 2.54 mm; Lead Dia. 0.48 mm (max)"; VariantName = "[No Variations]"
Add component (AddParameter): Name = "PackageReference"; Value = "TO-18"; VariantName = "[No Variations]"
Add component (AddParameter): Name = "Published"; Value = "8-Jun-2000"; VariantName = "[No Variations]"
Add component (AddParameter): Name = "Publisher"; Value = "Altium Limited"; VariantName = "[No Variations]"
Added Component: Designator=R?(0603-R)
Add component. Clean all parameters for all variants
Added Component: Designator=R?(0603-R)
Add component. Clean all parameters for all variants
Added Component: Designator=R?(0603-R)
Add component. Clean all parameters for all variants
Added Component: Designator=R?(0603-R)
Add component. Clean all parameters for all variants
Added Component: Designator=R?(0603-R)
Add component. Clean all parameters for all variants
Added Component: Designator=R?(0603-R)
Add component. Clean all parameters for all variants
Added Component: Designator=U?(SOT23-5)
Add component. Clean all parameters for all variants
Added Component: Designator=U?(SOT23-5)
Add component. Clean all parameters for all variants
Added Component: Designator=Y1(OSC-3225)
Add component. Clean all parameters for all variants
Added Pin To Net: NetName=5V_IN Pin=D?-1
Added Pin To Net: NetName=5V_IN Pin=P?-1
Added Pin To Net: NetName=5V_IN Pin=P?-1
Added Pin To Net: NetName=5V_IN Pin=P?-1
Added Pin To Net: NetName=5V_IN Pin=P?-1
Added Pin To Net: NetName=5V_IN Pin=P?-1
Added Pin To Net: NetName=5V_IN Pin=P?-1
Added Pin To Net: NetName=5V_IN Pin=P?-2
Added Pin To Net: NetName=5V_IN Pin=P?-2
Added Net: Name=5V_IN
Added Pin To Net: NetName=BOOT0 Pin=*1-44
Added Net: Name=BOOT0
Added Pin To Net: NetName=DBUS_IN Pin=P?-3
Added Pin To Net: NetName=DBUS_IN Pin=R?-1
Added Net: Name=DBUS_IN
Added Pin To Net: NetName=GND Pin=*1-5
Added Pin To Net: NetName=GND Pin=*1-6
Added Pin To Net: NetName=GND Pin=*1-8
Added Pin To Net: NetName=GND Pin=*1-23
Added Pin To Net: NetName=GND Pin=*1-35
Added Pin To Net: NetName=GND Pin=*2-1
Added Pin To Net: NetName=GND Pin=*3-2
Added Pin To Net: NetName=GND Pin=*-1
Added Pin To Net: NetName=GND Pin=*-1
Added Pin To Net: NetName=GND Pin=*-1
Added Pin To Net: NetName=GND Pin=*-1
Added Pin To Net: NetName=GND Pin=*-1
Added Pin To Net: NetName=GND Pin=*-1
Added Pin To Net: NetName=GND Pin=P?-1
Added Pin To Net: NetName=GND Pin=P?-1
Added Pin To Net: NetName=GND Pin=P?-4
Added Pin To Net: NetName=GND Pin=P?-4
Added Pin To Net: NetName=GND Pin=P?-4
Added Pin To Net: NetName=GND Pin=P?-4
Added Pin To Net: NetName=GND Pin=P?-4
Added Pin To Net: NetName=GND Pin=P?-6
Added Pin To Net: NetName=GND Pin=P?-6
Added Pin To Net: NetName=GND Pin=Q?-3
Added Pin To Net: NetName=GND Pin=U?-2
Added Pin To Net: NetName=GND Pin=U?-2
Added Pin To Net: NetName=GND Pin=Y1-2
Added Pin To Net: NetName=GND Pin=Y1-4
Added Net: Name=GND
Added Pin To Net: NetName=IIC1_SCL Pin=*1-45
Added Pin To Net: NetName=IIC1_SCL Pin=P?-3
Added Net: Name=IIC1_SCL
Added Pin To Net: NetName=IIC1_SDA Pin=*1-46
Added Pin To Net: NetName=IIC1_SDA Pin=P?-2
Added Net: Name=IIC1_SDA
Added Pin To Net: NetName=IIC2_SCL Pin=*1-21
Added Pin To Net: NetName=IIC2_SCL Pin=P?-3
Added Net: Name=IIC2_SCL
Added Pin To Net: NetName=IIC2_SDA Pin=*1-22
Added Pin To Net: NetName=IIC2_SDA Pin=P?-2
Added Net: Name=IIC2_SDA
Added Pin To Net: NetName=Net*2_2 Pin=*2-2
Added Pin To Net: NetName=Net*2_2 Pin=Y1-1
Added Net: Name=Net*2_2
Added Pin To Net: NetName=Net*3_1 Pin=*3-1
Added Pin To Net: NetName=Net*3_1 Pin=Y1-3
Added Net: Name=Net*3_1
Added Pin To Net: NetName=Net*?_5 Pin=*?-5
Added Pin To Net: NetName=Net*?_5 Pin=P?-5
Added Net: Name=Net*?_5
Added Pin To Net: NetName=Net*?_6 Pin=*?-6
Added Pin To Net: NetName=Net*?_6 Pin=P?-4
Added Net: Name=Net*?_6
Added Pin To Net: NetName=Net*?_7 Pin=*?-7
Added Pin To Net: NetName=Net*?_7 Pin=P?-3
Added Net: Name=Net*?_7
Added Pin To Net: NetName=Net*?_8 Pin=*?-8
Added Pin To Net: NetName=Net*?_8 Pin=P?-2
Added Net: Name=Net*?_8
Added Pin To Net: NetName=Net*_1 Pin=*-1
Added Pin To Net: NetName=Net*_1 Pin=R?-2
Added Net: Name=Net*_1
Added Pin To Net: NetName=Net*_2 Pin=*-2
Added Pin To Net: NetName=Net*_2 Pin=U?-4
Added Net: Name=Net*_2
Added Pin To Net: NetName=Net*_3 Pin=*-3
Added Pin To Net: NetName=Net*_3 Pin=R?-2
Added Net: Name=Net*_3
Added Pin To Net: NetName=Net*_5 Pin=*-5
Added Pin To Net: NetName=Net*_5 Pin=P?-5
Added Net: Name=Net*_5
Added Pin To Net: NetName=Net*_6 Pin=*-6
Added Pin To Net: NetName=Net*_6 Pin=P?-4
Added Net: Name=Net*_6
Added Pin To Net: NetName=Net*_7 Pin=*-7
Added Pin To Net: NetName=Net*_7 Pin=P?-3
Added Net: Name=Net*_7
Added Pin To Net: NetName=Net*_8 Pin=*-8
Added Pin To Net: NetName=Net*_8 Pin=P?-2
Added Net: Name=Net*_8
Added Pin To Net: NetName=NetP?_3 Pin=P?-3
Added Pin To Net: NetName=NetP?_3 Pin=R?-2
Added Net: Name=NetP?_3
Added Pin To Net: NetName=NetQ?_2 Pin=Q?-2
Added Pin To Net: NetName=NetQ?_2 Pin=R?-2
Added Net: Name=NetQ?_2
Added Pin To Net: NetName=PB12 Pin=*1-25
Added Pin To Net: NetName=PB12 Pin=*?-1
Added Net: Name=PB12
Added Pin To Net: NetName=PB13 Pin=*1-26
Added Pin To Net: NetName=PB13 Pin=*?-2
Added Net: Name=PB13
Added Pin To Net: NetName=PB14 Pin=*1-27
Added Pin To Net: NetName=PB14 Pin=*?-3
Added Net: Name=PB14
Added Pin To Net: NetName=PB15 Pin=*1-28
Added Pin To Net: NetName=PB15 Pin=*?-4
Added Net: Name=PB15
Added Pin To Net: NetName=PPM_PIN Pin=*1-33
Added Pin To Net: NetName=PPM_PIN Pin=R?-1
Added Net: Name=PPM_PIN
Added Pin To Net: NetName=PWM1 Pin=*1-10
Added Pin To Net: NetName=PWM1 Pin=*1-29
Added Pin To Net: NetName=PWM1 Pin=*-4
Added Net: Name=PWM1
Added Pin To Net: NetName=PWM2 Pin=*1-11
Added Pin To Net: NetName=PWM2 Pin=*1-30
Added Pin To Net: NetName=PWM2 Pin=*-3
Added Net: Name=PWM2
Added Pin To Net: NetName=PWM3 Pin=*1-31
Added Pin To Net: NetName=PWM3 Pin=*-2
Added Net: Name=PWM3
Added Pin To Net: NetName=PWM4 Pin=*1-32
Added Pin To Net: NetName=PWM4 Pin=*-1
Added Net: Name=PWM4
Added Pin To Net: NetName=RESET Pin=*1-7
Added Net: Name=RESET
Added Pin To Net: NetName=RGB_B Pin=*1-18
Added Pin To Net: NetName=RGB_B Pin=R?-1
Added Net: Name=RGB_B
Added Pin To Net: NetName=RGB_G Pin=*1-17
Added Pin To Net: NetName=RGB_G Pin=R?-1
Added Net: Name=RGB_G
Added Pin To Net: NetName=RGB_R Pin=*1-16
Added Pin To Net: NetName=RGB_R Pin=R?-1
Added Net: Name=RGB_R
Added Pin To Net: NetName=SWD_CLK Pin=*1-37
Added Pin To Net: NetName=SWD_CLK Pin=P?-2
Added Net: Name=SWD_CLK
Added Pin To Net: NetName=SWD_IO Pin=*1-34
Added Pin To Net: NetName=SWD_IO Pin=P?-3
Added Net: Name=SWD_IO
Added Pin To Net: NetName=U1_R Pin=*1-43
Added Pin To Net: NetName=U1_R Pin=P?-2
Added Pin To Net: NetName=U1_R Pin=Q?-1
Added Pin To Net: NetName=U1_R Pin=R?-2
Added Net: Name=U1_R
Added Pin To Net: NetName=U1_T Pin=*1-42
Added Pin To Net: NetName=U1_T Pin=P?-3
Added Net: Name=U1_T
Added Pin To Net: NetName=U2_R Pin=*1-13
Added Pin To Net: NetName=U2_R Pin=P?-2
Added Net: Name=U2_R
Added Pin To Net: NetName=U2_T Pin=*1-12
Added Pin To Net: NetName=U2_T Pin=P?-3
Added Net: Name=U2_T
Added Pin To Net: NetName=VCC_3V3 Pin=*1-9
Added Pin To Net: NetName=VCC_3V3 Pin=*1-24
Added Pin To Net: NetName=VCC_3V3 Pin=*1-36
Added Pin To Net: NetName=VCC_3V3 Pin=*-2
Added Pin To Net: NetName=VCC_3V3 Pin=*-2
Added Pin To Net: NetName=VCC_3V3 Pin=*-4
Added Pin To Net: NetName=VCC_3V3 Pin=P?-1
Added Pin To Net: NetName=VCC_3V3 Pin=R?-1
Added Pin To Net: NetName=VCC_3V3 Pin=U?-5
Added Pin To Net: NetName=VCC_3V3 Pin=U?-5
Added Net: Name=VCC_3V3
Added Pin To Net: NetName=VCC_5V Pin=*-2
Added Pin To Net: NetName=VCC_5V Pin=*-2
Added Pin To Net: NetName=VCC_5V Pin=D?-2
Added Pin To Net: NetName=VCC_5V Pin=U?-1
Added Pin To Net: NetName=VCC_5V Pin=U?-1
Added Pin To Net: NetName=VCC_5V Pin=U?-3
Added Pin To Net: NetName=VCC_5V Pin=U?-3
Added Net: Name=VCC_5V
Added Class: Name=DBUS_PPM
Added Room: Name=DBUS_PPM
