Added Component: Designator=Q1(SOT23-3)
Add component. Clean all parameters for all variants
Add component (AddParameter): Name = "Code_JEDEC"; Value = "TO-18"; VariantName = "[No Variations]"
Add component (AddParameter): Name = "LatestRevisionDate"; Value = "17-Jul-2002"; VariantName = "[No Variations]"
Add component (AddParameter): Name = "LatestRevisionNote"; Value = "Re-released for DXP Platform."; VariantName = "[No Variations]"
Add component (AddParameter): Name = "PackageDescription"; Value = "Can; 3 Leads; Pin Circle Dia. 2.54 mm; Lead Dia. 0.48 mm (max)"; VariantName = "[No Variations]"
Add component (AddParameter): Name = "PackageReference"; Value = "TO-18"; VariantName = "[No Variations]"
Add component (AddParameter): Name = "Published"; Value = "8-Jun-2000"; VariantName = "[No Variations]"
Add component (AddParameter): Name = "Publisher"; Value = "Altium Limited"; VariantName = "[No Variations]"
Added Component: Designator=U1(SOT23-5)
Add component. Clean all parameters for all variants
Added Component: Designator=U2(SOT23-5)
Add component. Clean all parameters for all variants
Added Pin To Net: NetName=U1_R Pin=Q1-1
Added Pin To Net: NetName=NetQ1_2 Pin=Q1-2
Added Pin To Net: NetName=GND Pin=Q1-3
Added Pin To Net: NetName=VCC_5V Pin=U1-1
Added Pin To Net: NetName=GND Pin=U1-2
Added Pin To Net: NetName=VCC_5V Pin=U1-3
Added Pin To Net: NetName=NetC5_2 Pin=U1-4
Added Pin To Net: NetName=VCC_3V3 Pin=U1-5
Added Pin To Net: NetName=VCC_5V Pin=U2-1
Added Pin To Net: NetName=GND Pin=U2-2
Added Pin To Net: NetName=VCC_5V Pin=U2-3
Added Pin To Net: NetName=NetC8_2 Pin=U2-4
Added Pin To Net: NetName=VCC_3V3 Pin=U2-5
Added Member To Class: ClassName=DBUS_PPM Member=Component logo1 DJI_logo
Added Member To Class: ClassName=DBUS_PPM Member=Component Q1 MESFET-N
Added Member To Class: ClassName=DBUS_PPM Member=Component U1 TPS79333
Added Member To Class: ClassName=DBUS_PPM Member=Component U2 TPS79333
Added Room: Name=DBUS_PPM
