Removed Pin From Net: NetName=KEY1 Pin=R9-1
Removed Pin From Net: NetName=VCC_3V3 Pin=R9-2
Removed Pin From Net: NetName=GND Pin=S1-1
Removed Member From Class: ClassName=DBUS_PPM Member=R9
Change component parameters: Designator = "P8"; Footprint = "HDR_3*2.54"; UniqueID = "\VLFCXTOH"
Change component parameters. Clean all parameters for all variants
Change component parameters (AddParameter): Name = "LatestRevisionDate"; Value = "17-Jul-2002"; VariantName = "[No Variations]"
Change component parameters (AddParameter): Name = "LatestRevisionNote"; Value = "Re-released for DXP Platform."; VariantName = "[No Variations]"
Change component parameters (AddParameter): Name = "Publisher"; Value = "Altium Limited"; VariantName = "[No Variations]"
Change component parameters: Designator = "P9"; Footprint = "HDR_3*2.54"; UniqueID = "\XFCOQBWO"
Change component parameters. Clean all parameters for all variants
Change component parameters (AddParameter): Name = "LatestRevisionDate"; Value = "17-Jul-2002"; VariantName = "[No Variations]"
Change component parameters (AddParameter): Name = "LatestRevisionNote"; Value = "Re-released for DXP Platform."; VariantName = "[No Variations]"
Change component parameters (AddParameter): Name = "Publisher"; Value = "Altium Limited"; VariantName = "[No Variations]"
Added Component: Designator=D?(LED_0603_YELLOW)
Add component. Clean all parameters for all variants
Added Component: Designator=logo?(DJI_LOGO)
Add component. Clean all parameters for all variants
Added Component: Designator=logo?(DJI_LOGO)
Add component. Clean all parameters for all variants
Added Component: Designator=P?(HDR_3*2.54)
Add component. Clean all parameters for all variants
Add component (AddParameter): Name = "LatestRevisionDate"; Value = "17-Jul-2002"; VariantName = "[No Variations]"
Add component (AddParameter): Name = "LatestRevisionNote"; Value = "Re-released for DXP Platform."; VariantName = "[No Variations]"
Add component (AddParameter): Name = "Publisher"; Value = "Altium Limited"; VariantName = "[No Variations]"
Added Pin To Net: NetName=KEY1 Pin=P?-3
Added Pin To Net: NetName=NetD?_1 Pin=D?-1
Added Pin To Net: NetName=NetD?_1 Pin=P?-1
Added Pin To Net: NetName=NetD?_1 Pin=S1-1
Added Net: Name=NetD?_1
Added Pin To Net: NetName=NetD?_2 Pin=D?-2
Added Pin To Net: NetName=NetD?_2 Pin=P?-2
Added Net: Name=NetD?_2
Added Member To Class: ClassName=DBUS_PPM Member=Component D? LED
Added Member To Class: ClassName=DBUS_PPM Member=Component logo? DJI_logo
Added Member To Class: ClassName=DBUS_PPM Member=Component logo? DJI_logo
Added Member To Class: ClassName=DBUS_PPM Member=Component P? Header 3
Added Member To Class: ClassName=DBUS_PPM Member=Component  HW_OpenSource
Added Room: Name=DBUS_PPM
