Added Component: Designator=*1(LQFP48)
Add component. Clean all parameters for all variants
Added Component: Designator=*3(0603-C)
Add component. Clean all parameters for all variants
Added Component: Designator=*4(0603*4ÅÅ×è)
Add component. Clean all parameters for all variants
Added Component: Designator=*5(RGB_LED_V)
Add component. Clean all parameters for all variants
Added Component: Designator=*6(0603*4ÅÅ×è)
Add component. Clean all parameters for all variants
Added Component: Designator=*8(0603-C)
Add component. Clean all parameters for all variants
Added Component: Designator=*9(0603-C)
Add component. Clean all parameters for all variants
Added Component: Designator=*10(0603-C)
Add component. Clean all parameters for all variants
Added Component: Designator=*11(0603-C)
Add component. Clean all parameters for all variants
Added Component: Designator=*12(0603-C)
Add component. Clean all parameters for all variants
Added Component: Designator=C1(0603-C)
Add component. Clean all parameters for all variants
Added Component: Designator=C7(0603-C)
Add component. Clean all parameters for all variants
Added Component: Designator=D1(SOD-123)
Add component. Clean all parameters for all variants
Add component (AddParameter): Name = "Code_JEDEC"; Value = "DO-214-AA"; VariantName = "[No Variations]"
Add component (AddParameter): Name = "LatestRevisionDate"; Value = "17-Jul-2002"; VariantName = "[No Variations]"
Add component (AddParameter): Name = "LatestRevisionNote"; Value = "Re-released for DXP Platform."; VariantName = "[No Variations]"
Add component (AddParameter): Name = "PackageReference"; Value = "SMB"; VariantName = "[No Variations]"
Add component (AddParameter): Name = "Published"; Value = "8-Jun-2000"; VariantName = "[No Variations]"
Add component (AddParameter): Name = "Publisher"; Value = "Altium Limited"; VariantName = "[No Variations]"
Added Component: Designator=P1(SMT1.25_4P-90)
Add component. Clean all parameters for all variants
Add component (AddParameter): Name = "LatestRevisionDate"; Value = "17-Jul-2002"; VariantName = "[No Variations]"
Add component (AddParameter): Name = "LatestRevisionNote"; Value = "Re-released for DXP Platform."; VariantName = "[No Variations]"
Add component (AddParameter): Name = "Publisher"; Value = "Altium Limited"; VariantName = "[No Variations]"
Added Component: Designator=P2(SMT1.25_4P-90)
Add component. Clean all parameters for all variants
Add component (AddParameter): Name = "LatestRevisionDate"; Value = "17-Jul-2002"; VariantName = "[No Variations]"
Add component (AddParameter): Name = "LatestRevisionNote"; Value = "Re-released for DXP Platform."; VariantName = "[No Variations]"
Add component (AddParameter): Name = "Publisher"; Value = "Altium Limited"; VariantName = "[No Variations]"
Added Component: Designator=P3(SMT1.25_4P-90)
Add component. Clean all parameters for all variants
Add component (AddParameter): Name = "LatestRevisionDate"; Value = "17-Jul-2002"; VariantName = "[No Variations]"
Add component (AddParameter): Name = "LatestRevisionNote"; Value = "Re-released for DXP Platform."; VariantName = "[No Variations]"
Add component (AddParameter): Name = "Publisher"; Value = "Altium Limited"; VariantName = "[No Variations]"
Added Component: Designator=P4(SMT1.25_4P-90)
Add component. Clean all parameters for all variants
Add component (AddParameter): Name = "LatestRevisionDate"; Value = "17-Jul-2002"; VariantName = "[No Variations]"
Add component (AddParameter): Name = "LatestRevisionNote"; Value = "Re-released for DXP Platform."; VariantName = "[No Variations]"
Add component (AddParameter): Name = "Publisher"; Value = "Altium Limited"; VariantName = "[No Variations]"
Added Component: Designator=P5(SMT1.25_4P-90)
Add component. Clean all parameters for all variants
Add component (AddParameter): Name = "LatestRevisionDate"; Value = "17-Jul-2002"; VariantName = "[No Variations]"
Add component (AddParameter): Name = "LatestRevisionNote"; Value = "Re-released for DXP Platform."; VariantName = "[No Variations]"
Add component (AddParameter): Name = "Publisher"; Value = "Altium Limited"; VariantName = "[No Variations]"
Added Component: Designator=P6(SMT1.25_6P-90)
Add component. Clean all parameters for all variants
Add component (AddParameter): Name = "LatestRevisionDate"; Value = "17-Jul-2002"; VariantName = "[No Variations]"
Add component (AddParameter): Name = "LatestRevisionNote"; Value = "Re-released for DXP Platform."; VariantName = "[No Variations]"
Add component (AddParameter): Name = "Publisher"; Value = "Altium Limited"; VariantName = "[No Variations]"
Added Component: Designator=P7(SMT1.25_6P-90)
Add component. Clean all parameters for all variants
Add component (AddParameter): Name = "LatestRevisionDate"; Value = "17-Jul-2002"; VariantName = "[No Variations]"
Add component (AddParameter): Name = "LatestRevisionNote"; Value = "Re-released for DXP Platform."; VariantName = "[No Variations]"
Add component (AddParameter): Name = "Publisher"; Value = "Altium Limited"; VariantName = "[No Variations]"
Added Component: Designator=P8(HDR_3*2.54)
Add component. Clean all parameters for all variants
Add component (AddParameter): Name = "LatestRevisionDate"; Value = "17-Jul-2002"; VariantName = "[No Variations]"
Add component (AddParameter): Name = "LatestRevisionNote"; Value = "Re-released for DXP Platform."; VariantName = "[No Variations]"
Add component (AddParameter): Name = "Publisher"; Value = "Altium Limited"; VariantName = "[No Variations]"
Added Component: Designator=P9(HDR_3*2.54)
Add component. Clean all parameters for all variants
Add component (AddParameter): Name = "LatestRevisionDate"; Value = "17-Jul-2002"; VariantName = "[No Variations]"
Add component (AddParameter): Name = "LatestRevisionNote"; Value = "Re-released for DXP Platform."; VariantName = "[No Variations]"
Add component (AddParameter): Name = "Publisher"; Value = "Altium Limited"; VariantName = "[No Variations]"
Added Component: Designator=Q1(SOT23-3)
Add component. Clean all parameters for all variants
Add component (AddParameter): Name = "Code_JEDEC"; Value = "TO-18"; VariantName = "[No Variations]"
Add component (AddParameter): Name = "LatestRevisionDate"; Value = "17-Jul-2002"; VariantName = "[No Variations]"
Add component (AddParameter): Name = "LatestRevisionNote"; Value = "Re-released for DXP Platform."; VariantName = "[No Variations]"
Add component (AddParameter): Name = "PackageDescription"; Value = "Can; 3 Leads; Pin Circle Dia. 2.54 mm; Lead Dia. 0.48 mm (max)"; VariantName = "[No Variations]"
Add component (AddParameter): Name = "PackageReference"; Value = "TO-18"; VariantName = "[No Variations]"
Add component (AddParameter): Name = "Published"; Value = "8-Jun-2000"; VariantName = "[No Variations]"
Add component (AddParameter): Name = "Publisher"; Value = "Altium Limited"; VariantName = "[No Variations]"
Added Component: Designator=R1(0603-R)
Add component. Clean all parameters for all variants
Added Component: Designator=R2(0603-R)
Add component. Clean all parameters for all variants
Added Component: Designator=R3(0603-R)
Add component. Clean all parameters for all variants
Added Component: Designator=R4(0603-R)
Add component. Clean all parameters for all variants
Added Component: Designator=R5(0603-R)
Add component. Clean all parameters for all variants
Added Component: Designator=R6(0603-R)
Add component. Clean all parameters for all variants
Added Component: Designator=U1(SOT23-5)
Add component. Clean all parameters for all variants
Added Component: Designator=U2(SOT23-5)
Add component. Clean all parameters for all variants
Added Component: Designator=Y1(OSC-3225)
Add component. Clean all parameters for all variants
Added Pin To Net: NetName=GND Pin=*1-5
Added Pin To Net: NetName=GND Pin=*1-6
Added Pin To Net: NetName=RESET Pin=*1-7
Added Pin To Net: NetName=GND Pin=*1-8
Added Pin To Net: NetName=VCC_3V3 Pin=*1-9
Added Pin To Net: NetName=PWM1 Pin=*1-10
Added Pin To Net: NetName=PWM2 Pin=*1-11
Added Pin To Net: NetName=U2_T Pin=*1-12
Added Pin To Net: NetName=U2_R Pin=*1-13
Added Pin To Net: NetName=RGB_R Pin=*1-16
Added Pin To Net: NetName=RGB_G Pin=*1-17
Added Pin To Net: NetName=RGB_B Pin=*1-18
Added Pin To Net: NetName=IIC2_SCL Pin=*1-21
Added Pin To Net: NetName=IIC2_SDA Pin=*1-22
Added Pin To Net: NetName=GND Pin=*1-23
Added Pin To Net: NetName=VCC_3V3 Pin=*1-24
Added Pin To Net: NetName=PB12 Pin=*1-25
Added Pin To Net: NetName=PB13 Pin=*1-26
Added Pin To Net: NetName=PB14 Pin=*1-27
Added Pin To Net: NetName=PB15 Pin=*1-28
Added Pin To Net: NetName=PWM1 Pin=*1-29
Added Pin To Net: NetName=PWM2 Pin=*1-30
Added Pin To Net: NetName=PWM3 Pin=*1-31
Added Pin To Net: NetName=PWM4 Pin=*1-32
Added Pin To Net: NetName=PPM_PIN Pin=*1-33
Added Pin To Net: NetName=SWD_IO Pin=*1-34
Added Pin To Net: NetName=GND Pin=*1-35
Added Pin To Net: NetName=VCC_3V3 Pin=*1-36
Added Pin To Net: NetName=SWD_CLK Pin=*1-37
Added Pin To Net: NetName=U1_T Pin=*1-42
Added Pin To Net: NetName=U1_R Pin=*1-43
Added Pin To Net: NetName=BOOT0 Pin=*1-44
Added Pin To Net: NetName=IIC1_SCL Pin=*1-45
Added Pin To Net: NetName=IIC1_SDA Pin=*1-46
Added Pin To Net: NetName=Net*3_1 Pin=*3-1
Added Pin To Net: NetName=GND Pin=*3-2
Added Pin To Net: NetName=PWM4 Pin=*4-1
Added Pin To Net: NetName=PWM3 Pin=*4-2
Added Pin To Net: NetName=PWM2 Pin=*4-3
Added Pin To Net: NetName=PWM1 Pin=*4-4
Added Pin To Net: NetName=Net*4_5 Pin=*4-5
Added Pin To Net: NetName=Net*4_6 Pin=*4-6
Added Pin To Net: NetName=Net*4_7 Pin=*4-7
Added Pin To Net: NetName=Net*4_8 Pin=*4-8
Added Pin To Net: NetName=VCC_3V3 Pin=*5-4
Added Pin To Net: NetName=PB12 Pin=*6-1
Added Pin To Net: NetName=PB13 Pin=*6-2
Added Pin To Net: NetName=PB14 Pin=*6-3
Added Pin To Net: NetName=PB15 Pin=*6-4
Added Pin To Net: NetName=GND Pin=*8-1
Added Pin To Net: NetName=VCC_5V Pin=*8-2
Added Pin To Net: NetName=GND Pin=*9-1
Added Pin To Net: NetName=GND Pin=*10-1
Added Pin To Net: NetName=VCC_3V3 Pin=*10-2
Added Pin To Net: NetName=GND Pin=*11-1
Added Pin To Net: NetName=VCC_5V Pin=*11-2
Added Pin To Net: NetName=GND Pin=*12-1
Added Pin To Net: NetName=GND Pin=C1-1
Added Pin To Net: NetName=GND Pin=C7-1
Added Pin To Net: NetName=VCC_3V3 Pin=C7-2
Added Pin To Net: NetName=5V_IN Pin=D1-1
Added Pin To Net: NetName=VCC_5V Pin=D1-2
Added Pin To Net: NetName=5V_IN Pin=P1-1
Added Pin To Net: NetName=IIC1_SDA Pin=P1-2
Added Pin To Net: NetName=IIC1_SCL Pin=P1-3
Added Pin To Net: NetName=GND Pin=P1-4
Added Pin To Net: NetName=5V_IN Pin=P2-1
Added Pin To Net: NetName=IIC2_SDA Pin=P2-2
Added Pin To Net: NetName=IIC2_SCL Pin=P2-3
Added Pin To Net: NetName=GND Pin=P2-4
Added Pin To Net: NetName=VCC_3V3 Pin=P3-1
Added Pin To Net: NetName=SWD_CLK Pin=P3-2
Added Pin To Net: NetName=SWD_IO Pin=P3-3
Added Pin To Net: NetName=GND Pin=P3-4
Added Pin To Net: NetName=5V_IN Pin=P4-1
Added Pin To Net: NetName=U2_R Pin=P4-2
Added Pin To Net: NetName=U2_T Pin=P4-3
Added Pin To Net: NetName=GND Pin=P4-4
Added Pin To Net: NetName=5V_IN Pin=P5-1
Added Pin To Net: NetName=U1_R Pin=P5-2
Added Pin To Net: NetName=U1_T Pin=P5-3
Added Pin To Net: NetName=GND Pin=P5-4
Added Pin To Net: NetName=5V_IN Pin=P6-1
Added Pin To Net: NetName=Net*4_8 Pin=P6-2
Added Pin To Net: NetName=Net*4_7 Pin=P6-3
Added Pin To Net: NetName=Net*4_6 Pin=P6-4
Added Pin To Net: NetName=Net*4_5 Pin=P6-5
Added Pin To Net: NetName=GND Pin=P6-6
Added Pin To Net: NetName=5V_IN Pin=P7-1
Added Pin To Net: NetName=GND Pin=P7-6
Added Pin To Net: NetName=GND Pin=P8-1
Added Pin To Net: NetName=5V_IN Pin=P8-2
Added Pin To Net: NetName=DBUS_IN Pin=P8-3
Added Pin To Net: NetName=GND Pin=P9-1
Added Pin To Net: NetName=5V_IN Pin=P9-2
Added Pin To Net: NetName=NetP9_3 Pin=P9-3
Added Pin To Net: NetName=U1_R Pin=Q1-1
Added Pin To Net: NetName=NetQ1_2 Pin=Q1-2
Added Pin To Net: NetName=GND Pin=Q1-3
Added Pin To Net: NetName=RGB_R Pin=R1-1
Added Pin To Net: NetName=RGB_G Pin=R2-1
Added Pin To Net: NetName=RGB_B Pin=R3-1
Added Pin To Net: NetName=PPM_PIN Pin=R4-1
Added Pin To Net: NetName=NetP9_3 Pin=R4-2
Added Pin To Net: NetName=VCC_3V3 Pin=R5-1
Added Pin To Net: NetName=U1_R Pin=R5-2
Added Pin To Net: NetName=DBUS_IN Pin=R6-1
Added Pin To Net: NetName=NetQ1_2 Pin=R6-2
Added Pin To Net: NetName=VCC_5V Pin=U1-1
Added Pin To Net: NetName=GND Pin=U1-2
Added Pin To Net: NetName=VCC_5V Pin=U1-3
Added Pin To Net: NetName=VCC_3V3 Pin=U1-5
Added Pin To Net: NetName=VCC_5V Pin=U2-1
Added Pin To Net: NetName=GND Pin=U2-2
Added Pin To Net: NetName=VCC_5V Pin=U2-3
Added Pin To Net: NetName=VCC_3V3 Pin=U2-5
Added Pin To Net: NetName=GND Pin=Y1-2
Added Pin To Net: NetName=Net*3_1 Pin=Y1-3
Added Pin To Net: NetName=GND Pin=Y1-4
Added Pin To Net: NetName=Net*5_1 Pin=*5-1
Added Pin To Net: NetName=Net*5_1 Pin=R1-2
Added Net: Name=Net*5_1
Added Pin To Net: NetName=Net*5_2 Pin=*5-2
Added Pin To Net: NetName=Net*5_2 Pin=R2-2
Added Net: Name=Net*5_2
Added Pin To Net: NetName=Net*5_3 Pin=*5-3
Added Pin To Net: NetName=Net*5_3 Pin=R3-2
Added Net: Name=Net*5_3
Added Pin To Net: NetName=Net*6_5 Pin=*6-5
Added Pin To Net: NetName=Net*6_5 Pin=P7-5
Added Net: Name=Net*6_5
Added Pin To Net: NetName=Net*6_6 Pin=*6-6
Added Pin To Net: NetName=Net*6_6 Pin=P7-4
Added Net: Name=Net*6_6
Added Pin To Net: NetName=Net*6_7 Pin=*6-7
Added Pin To Net: NetName=Net*6_7 Pin=P7-3
Added Net: Name=Net*6_7
Added Pin To Net: NetName=Net*6_8 Pin=*6-8
Added Pin To Net: NetName=Net*6_8 Pin=P7-2
Added Net: Name=Net*6_8
Added Pin To Net: NetName=Net*9_2 Pin=*9-2
Added Pin To Net: NetName=Net*9_2 Pin=U1-4
Added Net: Name=Net*9_2
Added Pin To Net: NetName=Net*12_2 Pin=*12-2
Added Pin To Net: NetName=Net*12_2 Pin=U2-4
Added Net: Name=Net*12_2
Added Pin To Net: NetName=NetC1_2 Pin=C1-2
Added Pin To Net: NetName=NetC1_2 Pin=Y1-1
Added Net: Name=NetC1_2
Added Member To Class: ClassName=DBUS_PPM Member=Component *1 STM32F103C8T6
Added Member To Class: ClassName=DBUS_PPM Member=Component *3 cap
Added Member To Class: ClassName=DBUS_PPM Member=Component *4 0603*4
Added Member To Class: ClassName=DBUS_PPM Member=Component *5 LED_RGB
Added Member To Class: ClassName=DBUS_PPM Member=Component *6 0603*4
Added Member To Class: ClassName=DBUS_PPM Member=Component *8 cap
Added Member To Class: ClassName=DBUS_PPM Member=Component *9 cap
Added Member To Class: ClassName=DBUS_PPM Member=Component *10 cap
Added Member To Class: ClassName=DBUS_PPM Member=Component *11 cap
Added Member To Class: ClassName=DBUS_PPM Member=Component *12 cap
Added Member To Class: ClassName=DBUS_PPM Member=Component C1 104
Added Member To Class: ClassName=DBUS_PPM Member=Component C7 cap
Added Member To Class: ClassName=DBUS_PPM Member=Component D1 SS14
Added Member To Class: ClassName=DBUS_PPM Member=Component P1 Header 4
Added Member To Class: ClassName=DBUS_PPM Member=Component P2 Header 4
Added Member To Class: ClassName=DBUS_PPM Member=Component P3 Header 4
Added Member To Class: ClassName=DBUS_PPM Member=Component P4 Header 4
Added Member To Class: ClassName=DBUS_PPM Member=Component P5 Header 4
Added Member To Class: ClassName=DBUS_PPM Member=Component P6 Header 6
Added Member To Class: ClassName=DBUS_PPM Member=Component P7 Header 6
Added Member To Class: ClassName=DBUS_PPM Member=Component P8 Header 3
Added Member To Class: ClassName=DBUS_PPM Member=Component P9 Header 3
Added Member To Class: ClassName=DBUS_PPM Member=Component Q1 MESFET-N
Added Member To Class: ClassName=DBUS_PPM Member=Component R1 100R
Added Member To Class: ClassName=DBUS_PPM Member=Component R2 100R
Added Member To Class: ClassName=DBUS_PPM Member=Component R3 100R
Added Member To Class: ClassName=DBUS_PPM Member=Component R4 100R
Added Member To Class: ClassName=DBUS_PPM Member=Component R5 100R
Added Member To Class: ClassName=DBUS_PPM Member=Component R6 100R
Added Member To Class: ClassName=DBUS_PPM Member=Component U1 TPS79333
Added Member To Class: ClassName=DBUS_PPM Member=Component U2 TPS79333
Added Member To Class: ClassName=DBUS_PPM Member=Component Y1 12mhz
